<?xml version="1.0" encoding="UTF-8" ?>
<testsuite failures="0" time="0.027" errors="1" skipped="0" tests="1" name="py.gov.mujer.perfil.business.BookmarkBCTest">
  <properties>
    <property name="java.runtime.name" value="OpenJDK Runtime Environment"/>
    <property name="sun.boot.library.path" value="/usr/lib/jvm/java-6-openjdk/jre/lib/i386"/>
    <property name="java.vm.version" value="19.0-b09"/>
    <property name="java.vm.vendor" value="Sun Microsystems Inc."/>
    <property name="java.vendor.url" value="http://java.sun.com/"/>
    <property name="path.separator" value=":"/>
    <property name="java.vm.name" value="OpenJDK Server VM"/>
    <property name="file.encoding.pkg" value="sun.io"/>
    <property name="user.country" value="PY"/>
    <property name="sun.java.launcher" value="SUN_STANDARD"/>
    <property name="sun.os.patch.level" value="unknown"/>
    <property name="java.vm.specification.name" value="Java Virtual Machine Specification"/>
    <property name="user.dir" value="/home/arsenio/Documentos/Eclipse/perfil"/>
    <property name="java.runtime.version" value="1.6.0_20-b20"/>
    <property name="java.awt.graphicsenv" value="sun.awt.X11GraphicsEnvironment"/>
    <property name="basedir" value="/home/arsenio/Documentos/Eclipse/perfil"/>
    <property name="java.endorsed.dirs" value="/usr/lib/jvm/java-6-openjdk/jre/lib/endorsed"/>
    <property name="os.arch" value="i386"/>
    <property name="surefire.real.class.path" value="/tmp/surefirebooter1662187874663054486.jar"/>
    <property name="java.io.tmpdir" value="/tmp"/>
    <property name="line.separator" value="
"/>
    <property name="java.vm.specification.vendor" value="Sun Microsystems Inc."/>
    <property name="os.name" value="Linux"/>
    <property name="sun.jnu.encoding" value="UTF-8"/>
    <property name="java.library.path" value="/usr/lib/jvm/java-6-openjdk/jre/lib/i386/server:/usr/lib/jvm/java-6-openjdk/jre/lib/i386:/usr/lib/jvm/java-6-openjdk/jre/../lib/i386:/usr/java/packages/lib/i386:/usr/lib/jni:/lib:/usr/lib"/>
    <property name="surefire.test.class.path" value="/home/arsenio/Documentos/Eclipse/perfil/target/test-classes:/home/arsenio/Documentos/Eclipse/perfil/target/classes:/home/arsenio/.m2/repository/org/ticpy/tekoporu/tekoporu-jpa/2.2.2-SNAPSHOT/tekoporu-jpa-2.2.2-SNAPSHOT.jar:/home/arsenio/.m2/repository/org/eclipse/persistence/javax.persistence/2.0.1/javax.persistence-2.0.1.jar:/home/arsenio/.m2/repository/org/ticpy/tekoporu/tekoporu-core/2.2.2-SNAPSHOT/tekoporu-core-2.2.2-SNAPSHOT.jar:/home/arsenio/.m2/repository/javax/enterprise/cdi-api/1.0-SP4/cdi-api-1.0-SP4.jar:/home/arsenio/.m2/repository/org/jboss/spec/javax/interceptor/jboss-interceptors-api_1.1_spec/1.0.0.Beta1/jboss-interceptors-api_1.1_spec-1.0.0.Beta1.jar:/home/arsenio/.m2/repository/javax/inject/javax.inject/1/javax.inject-1.jar:/home/arsenio/.m2/repository/javax/validation/validation-api/1.0.0.GA/validation-api-1.0.0.GA.jar:/home/arsenio/.m2/repository/org/slf4j/slf4j-api/1.5.10/slf4j-api-1.5.10.jar:/home/arsenio/.m2/repository/commons-configuration/commons-configuration/1.5/commons-configuration-1.5.jar:/home/arsenio/.m2/repository/commons-collections/commons-collections/3.2/commons-collections-3.2.jar:/home/arsenio/.m2/repository/commons-lang/commons-lang/2.3/commons-lang-2.3.jar:/home/arsenio/.m2/repository/commons-logging/commons-logging/1.1/commons-logging-1.1.jar:/home/arsenio/.m2/repository/commons-beanutils/commons-beanutils-core/1.7.0/commons-beanutils-core-1.7.0.jar:/home/arsenio/.m2/repository/org/ticpy/tekoporu/tekoporu-jta/2.2.2-SNAPSHOT/tekoporu-jta-2.2.2-SNAPSHOT.jar:/home/arsenio/.m2/repository/javax/transaction/jta/1.1/jta-1.1.jar:/home/arsenio/.m2/repository/org/primefaces/primefaces/2.2.1/primefaces-2.2.1.jar:/home/arsenio/.m2/repository/org/powermock/powermock-api-easymock/1.4.6/powermock-api-easymock-1.4.6.jar:/home/arsenio/.m2/repository/org/powermock/powermock-api-support/1.4.6/powermock-api-support-1.4.6.jar:/home/arsenio/.m2/repository/org/powermock/powermock-core/1.4.6/powermock-core-1.4.6.jar:/home/arsenio/.m2/repository/org/powermock/powermock-reflect/1.4.6/powermock-reflect-1.4.6.jar:/home/arsenio/.m2/repository/org/objenesis/objenesis/1.2/objenesis-1.2.jar:/home/arsenio/.m2/repository/org/javassist/javassist/3.13.0-GA/javassist-3.13.0-GA.jar:/home/arsenio/.m2/repository/org/ticpy/tekoporu/tekoporu-jsf/2.2.2-SNAPSHOT/tekoporu-jsf-2.2.2-SNAPSHOT.jar:/home/arsenio/.m2/repository/com/sun/faces/jsf-api/2.0.3/jsf-api-2.0.3.jar:/home/arsenio/.m2/repository/com/sun/faces/jsf-impl/2.0.3/jsf-impl-2.0.3.jar:/home/arsenio/.m2/repository/javax/servlet/jstl/1.2/jstl-1.2.jar:/home/arsenio/.m2/repository/javax/el/el-api/2.2/el-api-2.2.jar:/home/arsenio/.m2/repository/javax/servlet/javax.servlet-api/3.0.1/javax.servlet-api-3.0.1.jar:/home/arsenio/.m2/repository/org/slf4j/slf4j-log4j12/1.5.10/slf4j-log4j12-1.5.10.jar:/home/arsenio/.m2/repository/log4j/log4j/1.2.14/log4j-1.2.14.jar:/home/arsenio/.m2/repository/hsqldb/hsqldb/1.8.0.10/hsqldb-1.8.0.10.jar:/home/arsenio/.m2/repository/org/hibernate/hibernate-entitymanager/3.6.0.Final/hibernate-entitymanager-3.6.0.Final.jar:/home/arsenio/.m2/repository/org/hibernate/hibernate-core/3.6.0.Final/hibernate-core-3.6.0.Final.jar:/home/arsenio/.m2/repository/antlr/antlr/2.7.6/antlr-2.7.6.jar:/home/arsenio/.m2/repository/dom4j/dom4j/1.6.1/dom4j-1.6.1.jar:/home/arsenio/.m2/repository/org/hibernate/hibernate-commons-annotations/3.2.0.Final/hibernate-commons-annotations-3.2.0.Final.jar:/home/arsenio/.m2/repository/org/hibernate/javax/persistence/hibernate-jpa-2.0-api/1.0.0.Final/hibernate-jpa-2.0-api-1.0.0.Final.jar:/home/arsenio/.m2/repository/cglib/cglib/2.2/cglib-2.2.jar:/home/arsenio/.m2/repository/asm/asm/3.1/asm-3.1.jar:/home/arsenio/.m2/repository/javassist/javassist/3.12.0.GA/javassist-3.12.0.GA.jar:/home/arsenio/.m2/repository/org/ticpy/tekoporu/component/tekoporu-junit/2.2.2-SNAPSHOT/tekoporu-junit-2.2.2-SNAPSHOT.jar:/home/arsenio/.m2/repository/junit/junit/4.8.1/junit-4.8.1.jar:/home/arsenio/.m2/repository/org/ticpy/tekoporu/tekoporu-se/2.2.2-SNAPSHOT/tekoporu-se-2.2.2-SNAPSHOT.jar:/home/arsenio/.m2/repository/org/jboss/weld/se/weld-se-core/1.1.2.Final/weld-se-core-1.1.2.Final.jar:/home/arsenio/.m2/repository/org/jboss/weld/weld-spi/1.1.Beta2/weld-spi-1.1.Beta2.jar:/home/arsenio/.m2/repository/org/jboss/weld/weld-api/1.1.Beta2/weld-api-1.1.Beta2.jar:/home/arsenio/.m2/repository/org/jboss/weld/weld-core/1.1.2.Final/weld-core-1.1.2.Final.jar:/home/arsenio/.m2/repository/com/google/guava/guava/r06/guava-r06.jar:/home/arsenio/.m2/repository/org/jboss/interceptor/jboss-interceptor-spi/2.0.0.CR1/jboss-interceptor-spi-2.0.0.CR1.jar:/home/arsenio/.m2/repository/org/jboss/interceptor/jboss-interceptor-core/2.0.0.CR1/jboss-interceptor-core-2.0.0.CR1.jar:/home/arsenio/.m2/repository/org/slf4j/slf4j-ext/1.5.10/slf4j-ext-1.5.10.jar:/home/arsenio/.m2/repository/ch/qos/cal10n/cal10n-api/0.7.2/cal10n-api-0.7.2.jar:/home/arsenio/.m2/repository/org/hibernate/hibernate-validator/4.2.0.Final/hibernate-validator-4.2.0.Final.jar:"/>
    <property name="java.specification.name" value="Java Platform API Specification"/>
    <property name="java.class.version" value="50.0"/>
    <property name="sun.management.compiler" value="HotSpot Tiered Compilers"/>
    <property name="os.version" value="2.6.32-35-generic"/>
    <property name="user.home" value="/home/arsenio"/>
    <property name="user.timezone" value=""/>
    <property name="java.awt.printerjob" value="sun.print.PSPrinterJob"/>
    <property name="file.encoding" value="UTF-8"/>
    <property name="java.specification.version" value="1.6"/>
    <property name="user.name" value="arsenio"/>
    <property name="java.class.path" value="/home/arsenio/Documentos/Eclipse/perfil/target/test-classes:/home/arsenio/Documentos/Eclipse/perfil/target/classes:/home/arsenio/.m2/repository/org/ticpy/tekoporu/tekoporu-jpa/2.2.2-SNAPSHOT/tekoporu-jpa-2.2.2-SNAPSHOT.jar:/home/arsenio/.m2/repository/org/eclipse/persistence/javax.persistence/2.0.1/javax.persistence-2.0.1.jar:/home/arsenio/.m2/repository/org/ticpy/tekoporu/tekoporu-core/2.2.2-SNAPSHOT/tekoporu-core-2.2.2-SNAPSHOT.jar:/home/arsenio/.m2/repository/javax/enterprise/cdi-api/1.0-SP4/cdi-api-1.0-SP4.jar:/home/arsenio/.m2/repository/org/jboss/spec/javax/interceptor/jboss-interceptors-api_1.1_spec/1.0.0.Beta1/jboss-interceptors-api_1.1_spec-1.0.0.Beta1.jar:/home/arsenio/.m2/repository/javax/inject/javax.inject/1/javax.inject-1.jar:/home/arsenio/.m2/repository/javax/validation/validation-api/1.0.0.GA/validation-api-1.0.0.GA.jar:/home/arsenio/.m2/repository/org/slf4j/slf4j-api/1.5.10/slf4j-api-1.5.10.jar:/home/arsenio/.m2/repository/commons-configuration/commons-configuration/1.5/commons-configuration-1.5.jar:/home/arsenio/.m2/repository/commons-collections/commons-collections/3.2/commons-collections-3.2.jar:/home/arsenio/.m2/repository/commons-lang/commons-lang/2.3/commons-lang-2.3.jar:/home/arsenio/.m2/repository/commons-logging/commons-logging/1.1/commons-logging-1.1.jar:/home/arsenio/.m2/repository/commons-beanutils/commons-beanutils-core/1.7.0/commons-beanutils-core-1.7.0.jar:/home/arsenio/.m2/repository/org/ticpy/tekoporu/tekoporu-jta/2.2.2-SNAPSHOT/tekoporu-jta-2.2.2-SNAPSHOT.jar:/home/arsenio/.m2/repository/javax/transaction/jta/1.1/jta-1.1.jar:/home/arsenio/.m2/repository/org/primefaces/primefaces/2.2.1/primefaces-2.2.1.jar:/home/arsenio/.m2/repository/org/powermock/powermock-api-easymock/1.4.6/powermock-api-easymock-1.4.6.jar:/home/arsenio/.m2/repository/org/powermock/powermock-api-support/1.4.6/powermock-api-support-1.4.6.jar:/home/arsenio/.m2/repository/org/powermock/powermock-core/1.4.6/powermock-core-1.4.6.jar:/home/arsenio/.m2/repository/org/powermock/powermock-reflect/1.4.6/powermock-reflect-1.4.6.jar:/home/arsenio/.m2/repository/org/objenesis/objenesis/1.2/objenesis-1.2.jar:/home/arsenio/.m2/repository/org/javassist/javassist/3.13.0-GA/javassist-3.13.0-GA.jar:/home/arsenio/.m2/repository/org/ticpy/tekoporu/tekoporu-jsf/2.2.2-SNAPSHOT/tekoporu-jsf-2.2.2-SNAPSHOT.jar:/home/arsenio/.m2/repository/com/sun/faces/jsf-api/2.0.3/jsf-api-2.0.3.jar:/home/arsenio/.m2/repository/com/sun/faces/jsf-impl/2.0.3/jsf-impl-2.0.3.jar:/home/arsenio/.m2/repository/javax/servlet/jstl/1.2/jstl-1.2.jar:/home/arsenio/.m2/repository/javax/el/el-api/2.2/el-api-2.2.jar:/home/arsenio/.m2/repository/javax/servlet/javax.servlet-api/3.0.1/javax.servlet-api-3.0.1.jar:/home/arsenio/.m2/repository/org/slf4j/slf4j-log4j12/1.5.10/slf4j-log4j12-1.5.10.jar:/home/arsenio/.m2/repository/log4j/log4j/1.2.14/log4j-1.2.14.jar:/home/arsenio/.m2/repository/hsqldb/hsqldb/1.8.0.10/hsqldb-1.8.0.10.jar:/home/arsenio/.m2/repository/org/hibernate/hibernate-entitymanager/3.6.0.Final/hibernate-entitymanager-3.6.0.Final.jar:/home/arsenio/.m2/repository/org/hibernate/hibernate-core/3.6.0.Final/hibernate-core-3.6.0.Final.jar:/home/arsenio/.m2/repository/antlr/antlr/2.7.6/antlr-2.7.6.jar:/home/arsenio/.m2/repository/dom4j/dom4j/1.6.1/dom4j-1.6.1.jar:/home/arsenio/.m2/repository/org/hibernate/hibernate-commons-annotations/3.2.0.Final/hibernate-commons-annotations-3.2.0.Final.jar:/home/arsenio/.m2/repository/org/hibernate/javax/persistence/hibernate-jpa-2.0-api/1.0.0.Final/hibernate-jpa-2.0-api-1.0.0.Final.jar:/home/arsenio/.m2/repository/cglib/cglib/2.2/cglib-2.2.jar:/home/arsenio/.m2/repository/asm/asm/3.1/asm-3.1.jar:/home/arsenio/.m2/repository/javassist/javassist/3.12.0.GA/javassist-3.12.0.GA.jar:/home/arsenio/.m2/repository/org/ticpy/tekoporu/component/tekoporu-junit/2.2.2-SNAPSHOT/tekoporu-junit-2.2.2-SNAPSHOT.jar:/home/arsenio/.m2/repository/junit/junit/4.8.1/junit-4.8.1.jar:/home/arsenio/.m2/repository/org/ticpy/tekoporu/tekoporu-se/2.2.2-SNAPSHOT/tekoporu-se-2.2.2-SNAPSHOT.jar:/home/arsenio/.m2/repository/org/jboss/weld/se/weld-se-core/1.1.2.Final/weld-se-core-1.1.2.Final.jar:/home/arsenio/.m2/repository/org/jboss/weld/weld-spi/1.1.Beta2/weld-spi-1.1.Beta2.jar:/home/arsenio/.m2/repository/org/jboss/weld/weld-api/1.1.Beta2/weld-api-1.1.Beta2.jar:/home/arsenio/.m2/repository/org/jboss/weld/weld-core/1.1.2.Final/weld-core-1.1.2.Final.jar:/home/arsenio/.m2/repository/com/google/guava/guava/r06/guava-r06.jar:/home/arsenio/.m2/repository/org/jboss/interceptor/jboss-interceptor-spi/2.0.0.CR1/jboss-interceptor-spi-2.0.0.CR1.jar:/home/arsenio/.m2/repository/org/jboss/interceptor/jboss-interceptor-core/2.0.0.CR1/jboss-interceptor-core-2.0.0.CR1.jar:/home/arsenio/.m2/repository/org/slf4j/slf4j-ext/1.5.10/slf4j-ext-1.5.10.jar:/home/arsenio/.m2/repository/ch/qos/cal10n/cal10n-api/0.7.2/cal10n-api-0.7.2.jar:/home/arsenio/.m2/repository/org/hibernate/hibernate-validator/4.2.0.Final/hibernate-validator-4.2.0.Final.jar:"/>
    <property name="java.vm.specification.version" value="1.0"/>
    <property name="sun.arch.data.model" value="32"/>
    <property name="java.home" value="/usr/lib/jvm/java-6-openjdk/jre"/>
    <property name="java.specification.vendor" value="Sun Microsystems Inc."/>
    <property name="user.language" value="es"/>
    <property name="java.vm.info" value="mixed mode"/>
    <property name="java.version" value="1.6.0_20"/>
    <property name="java.ext.dirs" value="/usr/lib/jvm/java-6-openjdk/jre/lib/ext:/usr/java/packages/lib/ext"/>
    <property name="sun.boot.class.path" value="/usr/lib/jvm/java-6-openjdk/jre/lib/resources.jar:/usr/lib/jvm/java-6-openjdk/jre/lib/rt.jar:/usr/lib/jvm/java-6-openjdk/jre/lib/sunrsasign.jar:/usr/lib/jvm/java-6-openjdk/jre/lib/jsse.jar:/usr/lib/jvm/java-6-openjdk/jre/lib/jce.jar:/usr/lib/jvm/java-6-openjdk/jre/lib/charsets.jar:/usr/lib/jvm/java-6-openjdk/jre/lib/netx.jar:/usr/lib/jvm/java-6-openjdk/jre/lib/plugin.jar:/usr/lib/jvm/java-6-openjdk/jre/lib/rhino.jar:/usr/lib/jvm/java-6-openjdk/jre/lib/modules/jdk.boot.jar:/usr/lib/jvm/java-6-openjdk/jre/classes"/>
    <property name="java.vendor" value="Sun Microsystems Inc."/>
    <property name="localRepository" value="/home/arsenio/.m2/repository"/>
    <property name="file.separator" value="/"/>
    <property name="java.vendor.url.bug" value="http://java.sun.com/cgi-bin/bugreport.cgi"/>
    <property name="sun.cpu.endian" value="little"/>
    <property name="sun.io.unicode.encoding" value="UnicodeLittle"/>
    <property name="sun.desktop" value="gnome"/>
    <property name="sun.cpu.isalist" value=""/>
  </properties>
  <testcase time="0.004" classname="py.gov.mujer.perfil.business.BookmarkBCTest" name="initializationError">
    <error message="Exception List with 1 exceptions:
Exception 0 :
org.jboss.weld.exceptions.WeldException: WELD-000049 Unable to invoke [method] @PostConstruct public org.ticpy.tekoporu.internal.producer.EntityManagerProducer.init() on org.ticpy.tekoporu.internal.producer.EntityManagerProducer@e29f36
	at org.jboss.weld.bean.AbstractClassBean.defaultPostConstruct(AbstractClassBean.java:595)
	at org.jboss.weld.bean.ManagedBean$ManagedBeanInjectionTarget.postConstruct(ManagedBean.java:200)
	at org.jboss.weld.bean.ManagedBean.create(ManagedBean.java:340)
	at org.ticpy.tekoporu.internal.context.ThreadLocalContext.get(ThreadLocalContext.java:91)
	at org.jboss.weld.manager.BeanManagerImpl.getReference(BeanManagerImpl.java:693)
	at org.jboss.weld.bean.AbstractReceiverBean.getReceiver(AbstractReceiverBean.java:84)
	at org.jboss.weld.bean.ProducerMethod$1.produce(ProducerMethod.java:146)
	at org.jboss.weld.bean.AbstractProducerBean.create(AbstractProducerBean.java:361)
	at org.jboss.weld.context.unbound.DependentContextImpl.get(DependentContextImpl.java:67)
	at org.jboss.weld.manager.BeanManagerImpl.getReference(BeanManagerImpl.java:693)
	at org.jboss.weld.manager.BeanManagerImpl.getReference(BeanManagerImpl.java:775)
	at org.jboss.weld.injection.FieldInjectionPoint.inject(FieldInjectionPoint.java:138)
	at org.jboss.weld.util.Beans.injectBoundFields(Beans.java:875)
	at org.jboss.weld.util.Beans.injectFieldsAndInitializers(Beans.java:887)
	at org.jboss.weld.bean.ManagedBean$ManagedBeanInjectionTarget$1$1.proceed(ManagedBean.java:182)
	at org.jboss.weld.injection.InjectionContextImpl.run(InjectionContextImpl.java:54)
	at org.jboss.weld.bean.ManagedBean$ManagedBeanInjectionTarget$1.work(ManagedBean.java:176)
	at org.jboss.weld.bean.ManagedBean$FixInjectionPoint.run(ManagedBean.java:142)
	at org.jboss.weld.bean.ManagedBean$ManagedBeanInjectionTarget.inject(ManagedBean.java:170)
	at org.jboss.weld.bean.ManagedBean.create(ManagedBean.java:339)
	at org.jboss.weld.context.unbound.DependentContextImpl.get(DependentContextImpl.java:67)
	at org.jboss.weld.manager.BeanManagerImpl.getReference(BeanManagerImpl.java:693)
	at org.jboss.weld.manager.BeanManagerImpl.getReference(BeanManagerImpl.java:775)
	at org.jboss.weld.injection.FieldInjectionPoint.inject(FieldInjectionPoint.java:138)
	at org.jboss.weld.util.Beans.injectBoundFields(Beans.java:875)
	at org.jboss.weld.util.Beans.injectFieldsAndInitializers(Beans.java:887)
	at org.jboss.weld.bean.ManagedBean$ManagedBeanInjectionTarget$1$1.proceed(ManagedBean.java:182)
	at org.jboss.weld.injection.InjectionContextImpl.run(InjectionContextImpl.java:54)
	at org.jboss.weld.bean.ManagedBean$ManagedBeanInjectionTarget$1.work(ManagedBean.java:176)
	at org.jboss.weld.bean.ManagedBean$FixInjectionPoint.run(ManagedBean.java:142)
	at org.jboss.weld.bean.ManagedBean$ManagedBeanInjectionTarget.inject(ManagedBean.java:170)
	at org.jboss.weld.bean.ManagedBean.create(ManagedBean.java:339)
	at org.jboss.weld.context.unbound.DependentContextImpl.get(DependentContextImpl.java:67)
	at org.jboss.weld.manager.BeanManagerImpl.getReference(BeanManagerImpl.java:693)
	at org.jboss.weld.manager.BeanManagerImpl.getReference(BeanManagerImpl.java:731)
	at org.ticpy.tekoporu.internal.processor.AbstractProcessor.getReferencedBean(AbstractProcessor.java:108)
	at org.ticpy.tekoporu.internal.processor.AbstractProcessor.getReferencedBean(AbstractProcessor.java:102)
	at org.ticpy.tekoporu.internal.processor.AnnotatedMethodProcessor.process(AnnotatedMethodProcessor.java:74)
	at org.ticpy.tekoporu.internal.bootstrap.StartupBootstrap.startup(StartupBootstrap.java:124)
	at sun.reflect.NativeMethodAccessorImpl.invoke0(Native Method)
	at sun.reflect.NativeMethodAccessorImpl.invoke(NativeMethodAccessorImpl.java:57)
	at sun.reflect.DelegatingMethodAccessorImpl.invoke(DelegatingMethodAccessorImpl.java:43)
	at java.lang.reflect.Method.invoke(Method.java:616)
	at org.jboss.weld.util.reflection.SecureReflections$13.work(SecureReflections.java:305)
	at org.jboss.weld.util.reflection.SecureReflectionAccess.run(SecureReflectionAccess.java:54)
	at org.jboss.weld.util.reflection.SecureReflectionAccess.runAsInvocation(SecureReflectionAccess.java:163)
	at org.jboss.weld.util.reflection.SecureReflections.invoke(SecureReflections.java:299)
	at org.jboss.weld.introspector.jlr.WeldMethodImpl.invokeOnInstance(WeldMethodImpl.java:188)
	at org.jboss.weld.introspector.ForwardingWeldMethod.invokeOnInstance(ForwardingWeldMethod.java:59)
	at org.jboss.weld.injection.MethodInjectionPoint.invokeOnInstanceWithSpecialValue(MethodInjectionPoint.java:198)
	at org.jboss.weld.event.ObserverMethodImpl.sendEvent(ObserverMethodImpl.java:282)
	at org.jboss.weld.event.ObserverMethodImpl.sendEvent(ObserverMethodImpl.java:265)
	at org.jboss.weld.event.ObserverMethodImpl.notify(ObserverMethodImpl.java:234)
	at org.jboss.weld.bootstrap.events.AbstractContainerEvent.fire(AbstractContainerEvent.java:88)
	at org.jboss.weld.bootstrap.events.AbstractDeploymentContainerEvent.fire(AbstractDeploymentContainerEvent.java:52)
	at org.jboss.weld.bootstrap.events.AfterDeploymentValidationImpl.fire(AfterDeploymentValidationImpl.java:34)
	at org.jboss.weld.bootstrap.WeldBootstrap.validateBeans(WeldBootstrap.java:407)
	at org.jboss.weld.environment.se.Weld.initialize(Weld.java:93)
	at org.jboss.weld.environment.se.StartMain.go(StartMain.java:46)
	at org.jboss.weld.environment.se.StartMain.main(StartMain.java:59)
	at org.ticpy.tekoporu.junit.DemoiselleRunner.init(DemoiselleRunner.java:57)
	at org.ticpy.tekoporu.junit.DemoiselleRunner.&lt;init&gt;(DemoiselleRunner.java:52)
	at sun.reflect.NativeConstructorAccessorImpl.newInstance0(Native Method)
	at sun.reflect.NativeConstructorAccessorImpl.newInstance(NativeConstructorAccessorImpl.java:57)
	at sun.reflect.DelegatingConstructorAccessorImpl.newInstance(DelegatingConstructorAccessorImpl.java:45)
	at java.lang.reflect.Constructor.newInstance(Constructor.java:532)
	at org.junit.internal.builders.AnnotatedBuilder.buildRunner(AnnotatedBuilder.java:31)
	at org.junit.internal.builders.AnnotatedBuilder.runnerForClass(AnnotatedBuilder.java:24)
	at org.junit.runners.model.RunnerBuilder.safeRunnerForClass(RunnerBuilder.java:57)
	at org.junit.internal.builders.AllDefaultPossibilitiesBuilder.runnerForClass(AllDefaultPossibilitiesBuilder.java:29)
	at org.junit.runners.model.RunnerBuilder.safeRunnerForClass(RunnerBuilder.java:57)
	at org.junit.internal.requests.ClassRequest.getRunner(ClassRequest.java:24)
	at org.apache.maven.surefire.junit4.JUnit4TestSet.&lt;init&gt;(JUnit4TestSet.java:45)
	at org.apache.maven.surefire.junit4.JUnit4DirectoryTestSuite.createTestSet(JUnit4DirectoryTestSuite.java:56)
	at org.apache.maven.surefire.suite.AbstractDirectoryTestSuite.locateTestSets(AbstractDirectoryTestSuite.java:96)
	at org.apache.maven.surefire.Surefire.createSuiteFromDefinition(Surefire.java:209)
	at org.apache.maven.surefire.Surefire.run(Surefire.java:156)
	at sun.reflect.NativeMethodAccessorImpl.invoke0(Native Method)
	at sun.reflect.NativeMethodAccessorImpl.invoke(NativeMethodAccessorImpl.java:57)
	at sun.reflect.DelegatingMethodAccessorImpl.invoke(DelegatingMethodAccessorImpl.java:43)
	at java.lang.reflect.Method.invoke(Method.java:616)
	at org.apache.maven.surefire.booter.SurefireBooter.runSuitesInProcess(SurefireBooter.java:345)
	at org.apache.maven.surefire.booter.SurefireBooter.main(SurefireBooter.java:1009)
Caused by: java.lang.reflect.InvocationTargetException
	at sun.reflect.NativeMethodAccessorImpl.invoke0(Native Method)
	at sun.reflect.NativeMethodAccessorImpl.invoke(NativeMethodAccessorImpl.java:57)
	at sun.reflect.DelegatingMethodAccessorImpl.invoke(DelegatingMethodAccessorImpl.java:43)
	at java.lang.reflect.Method.invoke(Method.java:616)
	at org.jboss.weld.util.reflection.SecureReflections$13.work(SecureReflections.java:305)
	at org.jboss.weld.util.reflection.SecureReflectionAccess.run(SecureReflectionAccess.java:54)
	at org.jboss.weld.util.reflection.SecureReflectionAccess.runAsInvocation(SecureReflectionAccess.java:163)
	at org.jboss.weld.util.reflection.SecureReflections.invoke(SecureReflections.java:299)
	at org.jboss.weld.introspector.jlr.WeldMethodImpl.invoke(WeldMethodImpl.java:193)
	at org.jboss.weld.bean.AbstractClassBean.defaultPostConstruct(AbstractClassBean.java:591)
	... 82 more
Caused by: org.jboss.weld.exceptions.WeldException: WELD-000049 Unable to invoke [method] @PostConstruct public org.ticpy.tekoporu.internal.producer.EntityManagerFactoryProducer.init() on org.ticpy.tekoporu.internal.producer.EntityManagerFactoryProducer@bdec44
	at org.jboss.weld.bean.AbstractClassBean.defaultPostConstruct(AbstractClassBean.java:595)
	at org.jboss.weld.bean.ManagedBean$ManagedBeanInjectionTarget.postConstruct(ManagedBean.java:200)
	at org.jboss.weld.bean.ManagedBean.create(ManagedBean.java:340)
	at org.jboss.weld.context.AbstractContext.get(AbstractContext.java:122)
	at org.jboss.weld.bean.proxy.ContextBeanInstance.getInstance(ContextBeanInstance.java:99)
	at org.jboss.weld.bean.proxy.ProxyMethodHandler.invoke(ProxyMethodHandler.java:87)
	at org.ticpy.tekoporu.internal.producer.EntityManagerFactoryProducer$Proxy$_$$_WeldClientProxy.getCache(EntityManagerFactoryProducer$Proxy$_$$_WeldClientProxy.java)
	at org.ticpy.tekoporu.internal.producer.EntityManagerProducer.init(EntityManagerProducer.java:186)
	... 92 more
Caused by: java.lang.reflect.InvocationTargetException
	at sun.reflect.NativeMethodAccessorImpl.invoke0(Native Method)
	at sun.reflect.NativeMethodAccessorImpl.invoke(NativeMethodAccessorImpl.java:57)
	at sun.reflect.DelegatingMethodAccessorImpl.invoke(DelegatingMethodAccessorImpl.java:43)
	at java.lang.reflect.Method.invoke(Method.java:616)
	at org.jboss.weld.util.reflection.SecureReflections$13.work(SecureReflections.java:305)
	at org.jboss.weld.util.reflection.SecureReflectionAccess.run(SecureReflectionAccess.java:54)
	at org.jboss.weld.util.reflection.SecureReflectionAccess.runAsInvocation(SecureReflectionAccess.java:163)
	at org.jboss.weld.util.reflection.SecureReflections.invoke(SecureReflections.java:299)
	at org.jboss.weld.introspector.jlr.WeldMethodImpl.invoke(WeldMethodImpl.java:193)
	at org.jboss.weld.bean.AbstractClassBean.defaultPostConstruct(AbstractClassBean.java:591)
	... 99 more
Caused by: org.ticpy.tekoporu.DemoiselleException: Não foi possível obter a unidade de persistência a partir do arquivo &quot;persistence.xml&quot;.
	at org.ticpy.tekoporu.internal.producer.EntityManagerFactoryProducer.init(EntityManagerFactoryProducer.java:126)
	... 109 more
Caused by: javax.persistence.PersistenceException: [PersistenceUnit: bookmark-ds] Unable to configure EntityManagerFactory
	at org.hibernate.ejb.Ejb3Configuration.configure(Ejb3Configuration.java:374)
	at org.hibernate.ejb.HibernatePersistence.createEntityManagerFactory(HibernatePersistence.java:56)
	at javax.persistence.Persistence.createEntityManagerFactory(Unknown Source)
	at javax.persistence.Persistence.createEntityManagerFactory(Unknown Source)
	at org.ticpy.tekoporu.internal.producer.EntityManagerFactoryProducer.create(EntityManagerFactoryProducer.java:93)
	at org.ticpy.tekoporu.internal.producer.EntityManagerFactoryProducer.init(EntityManagerFactoryProducer.java:118)
	... 109 more
Caused by: org.hibernate.AnnotationException: Use of @OneToMany or @ManyToMany targeting an unmapped class: py.gov.mujer.perfil.domain.Usuario.audLogs[py.gov.mujer.perfil.domain.AudLog]
	at org.hibernate.cfg.annotations.CollectionBinder.bindManyToManySecondPass(CollectionBinder.java:1168)
	at org.hibernate.cfg.annotations.CollectionBinder.bindStarToManySecondPass(CollectionBinder.java:693)
	at org.hibernate.cfg.annotations.CollectionBinder$1.secondPass(CollectionBinder.java:628)
	at org.hibernate.cfg.CollectionSecondPass.doSecondPass(CollectionSecondPass.java:65)
	at org.hibernate.cfg.Configuration.originalSecondPassCompile(Configuration.java:1686)
	at org.hibernate.cfg.Configuration.secondPassCompile(Configuration.java:1393)
	at org.hibernate.cfg.Configuration.buildMappings(Configuration.java:1345)
	at org.hibernate.ejb.Ejb3Configuration.buildMappings(Ejb3Configuration.java:1477)
	at org.hibernate.ejb.EventListenerConfigurator.configure(EventListenerConfigurator.java:193)
	at org.hibernate.ejb.Ejb3Configuration.configure(Ejb3Configuration.java:1096)
	at org.hibernate.ejb.Ejb3Configuration.configure(Ejb3Configuration.java:278)
	at org.hibernate.ejb.Ejb3Configuration.configure(Ejb3Configuration.java:362)
	... 114 more
" type="org.jboss.weld.exceptions.DeploymentException">org.jboss.weld.exceptions.DeploymentException: Exception List with 1 exceptions:
Exception 0 :
org.jboss.weld.exceptions.WeldException: WELD-000049 Unable to invoke [method] @PostConstruct public org.ticpy.tekoporu.internal.producer.EntityManagerProducer.init() on org.ticpy.tekoporu.internal.producer.EntityManagerProducer@e29f36
	at org.jboss.weld.bean.AbstractClassBean.defaultPostConstruct(AbstractClassBean.java:595)
	at org.jboss.weld.bean.ManagedBean$ManagedBeanInjectionTarget.postConstruct(ManagedBean.java:200)
	at org.jboss.weld.bean.ManagedBean.create(ManagedBean.java:340)
	at org.ticpy.tekoporu.internal.context.ThreadLocalContext.get(ThreadLocalContext.java:91)
	at org.jboss.weld.manager.BeanManagerImpl.getReference(BeanManagerImpl.java:693)
	at org.jboss.weld.bean.AbstractReceiverBean.getReceiver(AbstractReceiverBean.java:84)
	at org.jboss.weld.bean.ProducerMethod$1.produce(ProducerMethod.java:146)
	at org.jboss.weld.bean.AbstractProducerBean.create(AbstractProducerBean.java:361)
	at org.jboss.weld.context.unbound.DependentContextImpl.get(DependentContextImpl.java:67)
	at org.jboss.weld.manager.BeanManagerImpl.getReference(BeanManagerImpl.java:693)
	at org.jboss.weld.manager.BeanManagerImpl.getReference(BeanManagerImpl.java:775)
	at org.jboss.weld.injection.FieldInjectionPoint.inject(FieldInjectionPoint.java:138)
	at org.jboss.weld.util.Beans.injectBoundFields(Beans.java:875)
	at org.jboss.weld.util.Beans.injectFieldsAndInitializers(Beans.java:887)
	at org.jboss.weld.bean.ManagedBean$ManagedBeanInjectionTarget$1$1.proceed(ManagedBean.java:182)
	at org.jboss.weld.injection.InjectionContextImpl.run(InjectionContextImpl.java:54)
	at org.jboss.weld.bean.ManagedBean$ManagedBeanInjectionTarget$1.work(ManagedBean.java:176)
	at org.jboss.weld.bean.ManagedBean$FixInjectionPoint.run(ManagedBean.java:142)
	at org.jboss.weld.bean.ManagedBean$ManagedBeanInjectionTarget.inject(ManagedBean.java:170)
	at org.jboss.weld.bean.ManagedBean.create(ManagedBean.java:339)
	at org.jboss.weld.context.unbound.DependentContextImpl.get(DependentContextImpl.java:67)
	at org.jboss.weld.manager.BeanManagerImpl.getReference(BeanManagerImpl.java:693)
	at org.jboss.weld.manager.BeanManagerImpl.getReference(BeanManagerImpl.java:775)
	at org.jboss.weld.injection.FieldInjectionPoint.inject(FieldInjectionPoint.java:138)
	at org.jboss.weld.util.Beans.injectBoundFields(Beans.java:875)
	at org.jboss.weld.util.Beans.injectFieldsAndInitializers(Beans.java:887)
	at org.jboss.weld.bean.ManagedBean$ManagedBeanInjectionTarget$1$1.proceed(ManagedBean.java:182)
	at org.jboss.weld.injection.InjectionContextImpl.run(InjectionContextImpl.java:54)
	at org.jboss.weld.bean.ManagedBean$ManagedBeanInjectionTarget$1.work(ManagedBean.java:176)
	at org.jboss.weld.bean.ManagedBean$FixInjectionPoint.run(ManagedBean.java:142)
	at org.jboss.weld.bean.ManagedBean$ManagedBeanInjectionTarget.inject(ManagedBean.java:170)
	at org.jboss.weld.bean.ManagedBean.create(ManagedBean.java:339)
	at org.jboss.weld.context.unbound.DependentContextImpl.get(DependentContextImpl.java:67)
	at org.jboss.weld.manager.BeanManagerImpl.getReference(BeanManagerImpl.java:693)
	at org.jboss.weld.manager.BeanManagerImpl.getReference(BeanManagerImpl.java:731)
	at org.ticpy.tekoporu.internal.processor.AbstractProcessor.getReferencedBean(AbstractProcessor.java:108)
	at org.ticpy.tekoporu.internal.processor.AbstractProcessor.getReferencedBean(AbstractProcessor.java:102)
	at org.ticpy.tekoporu.internal.processor.AnnotatedMethodProcessor.process(AnnotatedMethodProcessor.java:74)
	at org.ticpy.tekoporu.internal.bootstrap.StartupBootstrap.startup(StartupBootstrap.java:124)
	at sun.reflect.NativeMethodAccessorImpl.invoke0(Native Method)
	at sun.reflect.NativeMethodAccessorImpl.invoke(NativeMethodAccessorImpl.java:57)
	at sun.reflect.DelegatingMethodAccessorImpl.invoke(DelegatingMethodAccessorImpl.java:43)
	at java.lang.reflect.Method.invoke(Method.java:616)
	at org.jboss.weld.util.reflection.SecureReflections$13.work(SecureReflections.java:305)
	at org.jboss.weld.util.reflection.SecureReflectionAccess.run(SecureReflectionAccess.java:54)
	at org.jboss.weld.util.reflection.SecureReflectionAccess.runAsInvocation(SecureReflectionAccess.java:163)
	at org.jboss.weld.util.reflection.SecureReflections.invoke(SecureReflections.java:299)
	at org.jboss.weld.introspector.jlr.WeldMethodImpl.invokeOnInstance(WeldMethodImpl.java:188)
	at org.jboss.weld.introspector.ForwardingWeldMethod.invokeOnInstance(ForwardingWeldMethod.java:59)
	at org.jboss.weld.injection.MethodInjectionPoint.invokeOnInstanceWithSpecialValue(MethodInjectionPoint.java:198)
	at org.jboss.weld.event.ObserverMethodImpl.sendEvent(ObserverMethodImpl.java:282)
	at org.jboss.weld.event.ObserverMethodImpl.sendEvent(ObserverMethodImpl.java:265)
	at org.jboss.weld.event.ObserverMethodImpl.notify(ObserverMethodImpl.java:234)
	at org.jboss.weld.bootstrap.events.AbstractContainerEvent.fire(AbstractContainerEvent.java:88)
	at org.jboss.weld.bootstrap.events.AbstractDeploymentContainerEvent.fire(AbstractDeploymentContainerEvent.java:52)
	at org.jboss.weld.bootstrap.events.AfterDeploymentValidationImpl.fire(AfterDeploymentValidationImpl.java:34)
	at org.jboss.weld.bootstrap.WeldBootstrap.validateBeans(WeldBootstrap.java:407)
	at org.jboss.weld.environment.se.Weld.initialize(Weld.java:93)
	at org.jboss.weld.environment.se.StartMain.go(StartMain.java:46)
	at org.jboss.weld.environment.se.StartMain.main(StartMain.java:59)
	at org.ticpy.tekoporu.junit.DemoiselleRunner.init(DemoiselleRunner.java:57)
	at org.ticpy.tekoporu.junit.DemoiselleRunner.&lt;init&gt;(DemoiselleRunner.java:52)
	at sun.reflect.NativeConstructorAccessorImpl.newInstance0(Native Method)
	at sun.reflect.NativeConstructorAccessorImpl.newInstance(NativeConstructorAccessorImpl.java:57)
	at sun.reflect.DelegatingConstructorAccessorImpl.newInstance(DelegatingConstructorAccessorImpl.java:45)
	at java.lang.reflect.Constructor.newInstance(Constructor.java:532)
	at org.junit.internal.builders.AnnotatedBuilder.buildRunner(AnnotatedBuilder.java:31)
	at org.junit.internal.builders.AnnotatedBuilder.runnerForClass(AnnotatedBuilder.java:24)
	at org.junit.runners.model.RunnerBuilder.safeRunnerForClass(RunnerBuilder.java:57)
	at org.junit.internal.builders.AllDefaultPossibilitiesBuilder.runnerForClass(AllDefaultPossibilitiesBuilder.java:29)
	at org.junit.runners.model.RunnerBuilder.safeRunnerForClass(RunnerBuilder.java:57)
	at org.junit.internal.requests.ClassRequest.getRunner(ClassRequest.java:24)
	at org.apache.maven.surefire.junit4.JUnit4TestSet.&lt;init&gt;(JUnit4TestSet.java:45)
	at org.apache.maven.surefire.junit4.JUnit4DirectoryTestSuite.createTestSet(JUnit4DirectoryTestSuite.java:56)
	at org.apache.maven.surefire.suite.AbstractDirectoryTestSuite.locateTestSets(AbstractDirectoryTestSuite.java:96)
	at org.apache.maven.surefire.Surefire.createSuiteFromDefinition(Surefire.java:209)
	at org.apache.maven.surefire.Surefire.run(Surefire.java:156)
	at sun.reflect.NativeMethodAccessorImpl.invoke0(Native Method)
	at sun.reflect.NativeMethodAccessorImpl.invoke(NativeMethodAccessorImpl.java:57)
	at sun.reflect.DelegatingMethodAccessorImpl.invoke(DelegatingMethodAccessorImpl.java:43)
	at java.lang.reflect.Method.invoke(Method.java:616)
	at org.apache.maven.surefire.booter.SurefireBooter.runSuitesInProcess(SurefireBooter.java:345)
	at org.apache.maven.surefire.booter.SurefireBooter.main(SurefireBooter.java:1009)
Caused by: java.lang.reflect.InvocationTargetException
	at sun.reflect.NativeMethodAccessorImpl.invoke0(Native Method)
	at sun.reflect.NativeMethodAccessorImpl.invoke(NativeMethodAccessorImpl.java:57)
	at sun.reflect.DelegatingMethodAccessorImpl.invoke(DelegatingMethodAccessorImpl.java:43)
	at java.lang.reflect.Method.invoke(Method.java:616)
	at org.jboss.weld.util.reflection.SecureReflections$13.work(SecureReflections.java:305)
	at org.jboss.weld.util.reflection.SecureReflectionAccess.run(SecureReflectionAccess.java:54)
	at org.jboss.weld.util.reflection.SecureReflectionAccess.runAsInvocation(SecureReflectionAccess.java:163)
	at org.jboss.weld.util.reflection.SecureReflections.invoke(SecureReflections.java:299)
	at org.jboss.weld.introspector.jlr.WeldMethodImpl.invoke(WeldMethodImpl.java:193)
	at org.jboss.weld.bean.AbstractClassBean.defaultPostConstruct(AbstractClassBean.java:591)
	... 82 more
Caused by: org.jboss.weld.exceptions.WeldException: WELD-000049 Unable to invoke [method] @PostConstruct public org.ticpy.tekoporu.internal.producer.EntityManagerFactoryProducer.init() on org.ticpy.tekoporu.internal.producer.EntityManagerFactoryProducer@bdec44
	at org.jboss.weld.bean.AbstractClassBean.defaultPostConstruct(AbstractClassBean.java:595)
	at org.jboss.weld.bean.ManagedBean$ManagedBeanInjectionTarget.postConstruct(ManagedBean.java:200)
	at org.jboss.weld.bean.ManagedBean.create(ManagedBean.java:340)
	at org.jboss.weld.context.AbstractContext.get(AbstractContext.java:122)
	at org.jboss.weld.bean.proxy.ContextBeanInstance.getInstance(ContextBeanInstance.java:99)
	at org.jboss.weld.bean.proxy.ProxyMethodHandler.invoke(ProxyMethodHandler.java:87)
	at org.ticpy.tekoporu.internal.producer.EntityManagerFactoryProducer$Proxy$_$$_WeldClientProxy.getCache(EntityManagerFactoryProducer$Proxy$_$$_WeldClientProxy.java)
	at org.ticpy.tekoporu.internal.producer.EntityManagerProducer.init(EntityManagerProducer.java:186)
	... 92 more
Caused by: java.lang.reflect.InvocationTargetException
	at sun.reflect.NativeMethodAccessorImpl.invoke0(Native Method)
	at sun.reflect.NativeMethodAccessorImpl.invoke(NativeMethodAccessorImpl.java:57)
	at sun.reflect.DelegatingMethodAccessorImpl.invoke(DelegatingMethodAccessorImpl.java:43)
	at java.lang.reflect.Method.invoke(Method.java:616)
	at org.jboss.weld.util.reflection.SecureReflections$13.work(SecureReflections.java:305)
	at org.jboss.weld.util.reflection.SecureReflectionAccess.run(SecureReflectionAccess.java:54)
	at org.jboss.weld.util.reflection.SecureReflectionAccess.runAsInvocation(SecureReflectionAccess.java:163)
	at org.jboss.weld.util.reflection.SecureReflections.invoke(SecureReflections.java:299)
	at org.jboss.weld.introspector.jlr.WeldMethodImpl.invoke(WeldMethodImpl.java:193)
	at org.jboss.weld.bean.AbstractClassBean.defaultPostConstruct(AbstractClassBean.java:591)
	... 99 more
Caused by: org.ticpy.tekoporu.DemoiselleException: Não foi possível obter a unidade de persistência a partir do arquivo &quot;persistence.xml&quot;.
	at org.ticpy.tekoporu.internal.producer.EntityManagerFactoryProducer.init(EntityManagerFactoryProducer.java:126)
	... 109 more
Caused by: javax.persistence.PersistenceException: [PersistenceUnit: bookmark-ds] Unable to configure EntityManagerFactory
	at org.hibernate.ejb.Ejb3Configuration.configure(Ejb3Configuration.java:374)
	at org.hibernate.ejb.HibernatePersistence.createEntityManagerFactory(HibernatePersistence.java:56)
	at javax.persistence.Persistence.createEntityManagerFactory(Unknown Source)
	at javax.persistence.Persistence.createEntityManagerFactory(Unknown Source)
	at org.ticpy.tekoporu.internal.producer.EntityManagerFactoryProducer.create(EntityManagerFactoryProducer.java:93)
	at org.ticpy.tekoporu.internal.producer.EntityManagerFactoryProducer.init(EntityManagerFactoryProducer.java:118)
	... 109 more
Caused by: org.hibernate.AnnotationException: Use of @OneToMany or @ManyToMany targeting an unmapped class: py.gov.mujer.perfil.domain.Usuario.audLogs[py.gov.mujer.perfil.domain.AudLog]
	at org.hibernate.cfg.annotations.CollectionBinder.bindManyToManySecondPass(CollectionBinder.java:1168)
	at org.hibernate.cfg.annotations.CollectionBinder.bindStarToManySecondPass(CollectionBinder.java:693)
	at org.hibernate.cfg.annotations.CollectionBinder$1.secondPass(CollectionBinder.java:628)
	at org.hibernate.cfg.CollectionSecondPass.doSecondPass(CollectionSecondPass.java:65)
	at org.hibernate.cfg.Configuration.originalSecondPassCompile(Configuration.java:1686)
	at org.hibernate.cfg.Configuration.secondPassCompile(Configuration.java:1393)
	at org.hibernate.cfg.Configuration.buildMappings(Configuration.java:1345)
	at org.hibernate.ejb.Ejb3Configuration.buildMappings(Ejb3Configuration.java:1477)
	at org.hibernate.ejb.EventListenerConfigurator.configure(EventListenerConfigurator.java:193)
	at org.hibernate.ejb.Ejb3Configuration.configure(Ejb3Configuration.java:1096)
	at org.hibernate.ejb.Ejb3Configuration.configure(Ejb3Configuration.java:278)
	at org.hibernate.ejb.Ejb3Configuration.configure(Ejb3Configuration.java:362)
	... 114 more

	at org.jboss.weld.bootstrap.events.AbstractDeploymentContainerEvent.fire(AbstractDeploymentContainerEvent.java:55)
	at org.jboss.weld.bootstrap.events.AfterDeploymentValidationImpl.fire(AfterDeploymentValidationImpl.java:34)
	at org.jboss.weld.bootstrap.WeldBootstrap.validateBeans(WeldBootstrap.java:407)
	at org.jboss.weld.environment.se.Weld.initialize(Weld.java:93)
	at org.jboss.weld.environment.se.StartMain.go(StartMain.java:46)
	at org.jboss.weld.environment.se.StartMain.main(StartMain.java:59)
	at org.ticpy.tekoporu.junit.DemoiselleRunner.init(DemoiselleRunner.java:57)
	at org.ticpy.tekoporu.junit.DemoiselleRunner.&lt;init&gt;(DemoiselleRunner.java:52)
	at sun.reflect.NativeConstructorAccessorImpl.newInstance0(Native Method)
	at sun.reflect.NativeConstructorAccessorImpl.newInstance(NativeConstructorAccessorImpl.java:57)
	at sun.reflect.DelegatingConstructorAccessorImpl.newInstance(DelegatingConstructorAccessorImpl.java:45)
	at java.lang.reflect.Constructor.newInstance(Constructor.java:532)
	at org.junit.internal.builders.AnnotatedBuilder.buildRunner(AnnotatedBuilder.java:31)
	at org.junit.internal.builders.AnnotatedBuilder.runnerForClass(AnnotatedBuilder.java:24)
	at org.junit.runners.model.RunnerBuilder.safeRunnerForClass(RunnerBuilder.java:57)
	at org.junit.internal.builders.AllDefaultPossibilitiesBuilder.runnerForClass(AllDefaultPossibilitiesBuilder.java:29)
	at org.junit.runners.model.RunnerBuilder.safeRunnerForClass(RunnerBuilder.java:57)
	at org.junit.internal.requests.ClassRequest.getRunner(ClassRequest.java:24)
	at org.apache.maven.surefire.junit4.JUnit4TestSet.&lt;init&gt;(JUnit4TestSet.java:45)
	at org.apache.maven.surefire.junit4.JUnit4DirectoryTestSuite.createTestSet(JUnit4DirectoryTestSuite.java:56)
	at org.apache.maven.surefire.suite.AbstractDirectoryTestSuite.locateTestSets(AbstractDirectoryTestSuite.java:96)
	at org.apache.maven.surefire.Surefire.createSuiteFromDefinition(Surefire.java:209)
	at org.apache.maven.surefire.Surefire.run(Surefire.java:156)
	at sun.reflect.NativeMethodAccessorImpl.invoke0(Native Method)
	at sun.reflect.NativeMethodAccessorImpl.invoke(NativeMethodAccessorImpl.java:57)
	at sun.reflect.DelegatingMethodAccessorImpl.invoke(DelegatingMethodAccessorImpl.java:43)
	at java.lang.reflect.Method.invoke(Method.java:616)
	at org.apache.maven.surefire.booter.SurefireBooter.runSuitesInProcess(SurefireBooter.java:345)
	at org.apache.maven.surefire.booter.SurefireBooter.main(SurefireBooter.java:1009)
</error>
  </testcase>
</testsuite>